Authorization URL: https://api.login.yahoo.com/oauth2/request_auth?client_id=dj0yJmk9S3NrcktTT0lEQ0t0JmQ9WVdrOVpHTjZWMHN4VFZNbWNHbzlNQT09JnM9Y29uc3VtZXJzZWNyZXQmc3Y9MCZ
4PWNj&redirect_uri=oob&response_type=code&language=en-us                                                                                                                Please authenticate with the above URL and set the obtained tokens in the client before running the examples.
Enter the authorization code:  byj7dt6
Authentication successful! Access token obtained.

=== Example 1: League with Settings ===
League: {
  league: {
    leagueKey: "465.l.121384",
    leagueId: 121384,
    name: "KKUPFL - T4 Jinesjö",
    url: "https://hockey.fantasysports.yahoo.com/hockey/121384",
    logoUrl: "https://yahoofantasysports-res.cloudinary.com/image/upload/t_s192sq/fantasy-logos/a303b55c56917158a5a53985ddeb1816b3651764eb495a487d6078228dd3e4bd.png",
    draftStatus: "postdraft",
    numTeams: 14,
    editKey: "2026-03-11",
    weeklyDeadline: "intraday",
    rosterType: "date",
    leagueUpdateTimestamp: 1773216010,
    scoringType: "headpoint",
    leagueType: "private",
    renew: "",
    renewed: "",
    feloTier: "platinum",
    isHighscore: "",
    matchupWeek: 20,
    irisGroupChatId: "",
    allowAddToDlExtraPos: false,
    isProLeague: false,
    isCashLeague: false,
    currentWeek: 20,
    startWeek: 1,
    startDate: "2025-10-07",
    endWeek: 23,
    endDate: "2026-04-05",
    currentDate: "2026-03-11",
    isPlusLeague: false,
    gameCode: "nhl",
    season: 2025,
    settings: {
      draftType: "self",
      isAuctionDraft: false,
      scoringType: "headpoint",
      isHighscore: "",
      invitePermission: "commissioner",
      persistentUrl: "https://hockey.fantasysports.yahoo.com/league/2526_t4_jinesjo",
      usesPlayoff: true,
      hasPlayoffConsolationGames: true,
      playoffStartWeek: 21,
      usesPlayoffReseeding: true,
      usesLockEliminatedTeams: true,
      numPlayoffTeams: 6,
      numPlayoffConsolationTeams: 6,
      hasMultiweekChampionship: false,
      waiverType: "FR",
      waiverRule: "all",
      usesFaab: true,
      draftTime: 1759585872,
      draftPickTime: 60,
      postDraftPlayers: "W",
      maxTeams: 14,
      waiverTime: true,
      tradeEndDate: "2026-02-25",
      tradeRatifyType: "commish",
      tradeRejectTime: true,
      playerPool: "ALL",
      cantCutList: "none",
      draftTogether: false,
      isPubliclyViewable: true,
      sendbirdChannelUrl: "2224c03fe59f56d3eacc7db5a1c956a7",
      rosterPositions: [
        [Object ...], [Object ...], [Object ...], [Object ...], [Object ...], [Object ...], [Object ...], [Object ...]
      ],
      statCategories: [Object ...],
      statModifiers: [Object ...],
      maxWeeklyAdds: 4,
      usesMedianScore: "",
      leaguePremiumFeatures: "",
      minGamesPlayed: "",
      weekHasEnoughQualifyingDays: [Object ...],
    },
  },
}

=== Example 2: League with Multiple Sub-resources ===
League full: {
  league: {
    leagueKey: "465.l.121384",
    leagueId: 121384,
    name: "KKUPFL - T4 Jinesjö",
    url: "https://hockey.fantasysports.yahoo.com/hockey/121384",
    logoUrl: "https://yahoofantasysports-res.cloudinary.com/image/upload/t_s192sq/fantasy-logos/a303b55c56917158a5a53985ddeb1816b3651764eb495a487d6078228dd3e4bd.png",
    draftStatus: "postdraft",
    numTeams: 14,
    editKey: "2026-03-11",
    weeklyDeadline: "intraday",
    rosterType: "date",
    leagueUpdateTimestamp: 1773216010,
    scoringType: "headpoint",
    leagueType: "private",
    renew: "",
    renewed: "",
    feloTier: "platinum",
    isHighscore: "",
    matchupWeek: 20,
    irisGroupChatId: "",
    allowAddToDlExtraPos: false,
    isProLeague: false,
    isCashLeague: false,
    currentWeek: 20,
    startWeek: 1,
    startDate: "2025-10-07",
    endWeek: 23,
    endDate: "2026-04-05",
    currentDate: "2026-03-11",
    isPlusLeague: false,
    gameCode: "nhl",
    season: 2025,
    settings: {
      draftType: "self",
      isAuctionDraft: false,
      scoringType: "headpoint",
      isHighscore: "",
      invitePermission: "commissioner",
      persistentUrl: "https://hockey.fantasysports.yahoo.com/league/2526_t4_jinesjo",
      usesPlayoff: true,
      hasPlayoffConsolationGames: true,
      playoffStartWeek: 21,
      usesPlayoffReseeding: true,
      usesLockEliminatedTeams: true,
      numPlayoffTeams: 6,
      numPlayoffConsolationTeams: 6,
      hasMultiweekChampionship: false,
      waiverType: "FR",
      waiverRule: "all",
      usesFaab: true,
      draftTime: 1759585872,
      draftPickTime: 60,
      postDraftPlayers: "W",
      maxTeams: 14,
      waiverTime: true,
      tradeEndDate: "2026-02-25",
      tradeRatifyType: "commish",
      tradeRejectTime: true,
      playerPool: "ALL",
      cantCutList: "none",
      draftTogether: false,
      isPubliclyViewable: true,
      sendbirdChannelUrl: "2224c03fe59f56d3eacc7db5a1c956a7",
      rosterPositions: [
        [Object ...], [Object ...], [Object ...], [Object ...], [Object ...], [Object ...], [Object ...], [Object ...]
      ],
      statCategories: [Object ...],
      statModifiers: [Object ...],
      maxWeeklyAdds: 4,
      usesMedianScore: "",
      leaguePremiumFeatures: "",
      minGamesPlayed: "",
      weekHasEnoughQualifyingDays: [Object ...],
    },
    standings: {
      teams: [
        [Object ...], [Object ...], [Object ...], [Object ...], [Object ...], [Object ...], [Object ...], [Object ...], [Object ...], [Object ...], [Object ...], [Objec
t ...], [Object ...], [Object ...]                                                                                                                                            ],
    },
    scoreboard: {
      week: 20,
      matchups: [
        [Object ...], [Object ...], [Object ...], [Object ...], [Object ...], [Object ...], [Object ...]
      ],
    },
  },
}

=== Example 3: Available Players (Free Agents) ===
Free agent centers: {
  league: {
    leagueKey: "465.l.121384",
    leagueId: 121384,
    name: "KKUPFL - T4 Jinesjö",
    url: "https://hockey.fantasysports.yahoo.com/hockey/121384",
    logoUrl: "https://yahoofantasysports-res.cloudinary.com/image/upload/t_s192sq/fantasy-logos/a303b55c56917158a5a53985ddeb1816b3651764eb495a487d6078228dd3e4bd.png",
    draftStatus: "postdraft",
    numTeams: 14,
    editKey: "2026-03-11",
    weeklyDeadline: "intraday",
    rosterType: "date",
    leagueUpdateTimestamp: 1773216010,
    scoringType: "headpoint",
    leagueType: "private",
    renew: "",
    renewed: "",
    feloTier: "platinum",
    isHighscore: "",
    matchupWeek: 20,
    irisGroupChatId: "",
    allowAddToDlExtraPos: false,
    isProLeague: false,
    isCashLeague: false,
    currentWeek: 20,
    startWeek: 1,
    startDate: "2025-10-07",
    endWeek: 23,
    endDate: "2026-04-05",
    currentDate: "2026-03-11",
    isPlusLeague: false,
    gameCode: "nhl",
    season: 2025,
    players: [
      [Object ...], [Object ...], [Object ...], [Object ...], [Object ...], [Object ...], [Object ...], [Object ...], [Object ...], [Object ...], [Object ...], [Object 
...], [Object ...], [Object ...], [Object ...], [Object ...], [Object ...], [Object ...], [Object ...], [Object ...], [Object ...], [Object ...], [Object ...], [Object ...], [Object ...]                                                                                                                                                          ],
  },
}

=== Example 4: Team Roster ===
Roster: {
  team: {
    teamKey: "465.l.121384.t.2",
    teamId: 2,
    name: "DEZZZ",
    url: "https://hockey.fantasysports.yahoo.com/hockey/121384/2",
    teamLogos: [
      [Object ...]
    ],
    waiverPriority: 10,
    faabBalance: 87,
    numberOfMoves: 53,
    numberOfTrades: 0,
    rosterAdds: {
      coverageType: "week",
      coverageValue: 20,
      value: 0,
    },
    leagueScoringType: "headpoint",
    hasDraftGrade: false,
    managers: [
      [Object ...], [Object ...]
    ],
    roster: {
      coverageType: "date",
      date: "2025-12-14",
      isPrescoring: false,
      isEditable: false,
      players: [
        [Object ...], [Object ...], [Object ...], [Object ...], [Object ...], [Object ...], [Object ...], [Object ...], [Object ...], [Object ...], [Object ...], [Objec
t ...], [Object ...], [Object ...], [Object ...], [Object ...], [Object ...], [Object ...], [Object ...], [Object ...], [Object ...], [Object ...]                            ],
      minimumGames: [Object ...],
    },
  },
}

=== Example 5: Team Stats ===
Team stats: {
  team: {
    teamKey: "465.l.121384.t.2",
    teamId: 2,
    name: "DEZZZ",
    url: "https://hockey.fantasysports.yahoo.com/hockey/121384/2",
    teamLogos: [
      [Object ...]
    ],
    waiverPriority: 10,
    faabBalance: 87,
    numberOfMoves: 53,
    numberOfTrades: 0,
    rosterAdds: {
      coverageType: "week",
      coverageValue: 20,
      value: 0,
    },
    leagueScoringType: "headpoint",
    hasDraftGrade: false,
    managers: [
      [Object ...], [Object ...]
    ],
    teamStats: {
      coverageType: "season",
      season: 2025,
      stats: [
        [Object ...], [Object ...], [Object ...], [Object ...], [Object ...], [Object ...], [Object ...], [Object ...], [Object ...], [Object ...]
      ],
    },
    teamPoints: {
      coverageType: "season",
      season: 2025,
      total: 4353.2,
      stats: [
        [Object ...], [Object ...], [Object ...], [Object ...], [Object ...], [Object ...], [Object ...], [Object ...], [Object ...], [Object ...]
      ],
    },
  },
}

=== Example 6: Player Stats ===
Player stats: {
  player: {
    playerKey: "465.p.4961",
    playerId: 4961,
    name: {
      full: "Taylor Hall",
      first: "Taylor",
      last: "Hall",
      asciiFirst: "Taylor",
      asciiLast: "Hall",
    },
    url: "https://sports.yahoo.com/nhl/players/4961",
    editorialPlayerKey: "nhl.p.4961",
    editorialTeamKey: "nhl.t.7",
    editorialTeamFullName: "Carolina Hurricanes",
    editorialTeamAbbr: "CAR",
    editorialTeamUrl: "https://sports.yahoo.com/nhl/teams/carolina/",
    isKeeper: {
      status: "",
      cost: "",
    },
    uniformNumber: 71,
    displayPosition: "LW",
    headshot: {
      url: "https://s.yimg.com/iu/api/res/1.2/fq9O.hvJmv1vKeq3eTyvVg--~C/YXBwaWQ9eXNwb3J0cztjaD0yMzM2O2NyPTE7Y3c9MTc5MDtkeD04NTc7ZHk9MDtmaT11bGNyb3A7aD02MDtxPTEwMDt3PTQ
2/https://s.yimg.com/xe/i/us/sp/v/nhl_cutout/players_l/10072025/4961.png",                                                                                                    size: "small",
    },
    imageUrl: "https://s.yimg.com/iu/api/res/1.2/fq9O.hvJmv1vKeq3eTyvVg--~C/YXBwaWQ9eXNwb3J0cztjaD0yMzM2O2NyPTE7Y3c9MTc5MDtkeD04NTc7ZHk9MDtmaT11bGNyb3A7aD02MDtxPTEwMDt3
PTQ2/https://s.yimg.com/xe/i/us/sp/v/nhl_cutout/players_l/10072025/4961.png",                                                                                               isUndroppable: false,
    positionType: "P",
    eligiblePositions: {
      position: "LW",
    },
    eligiblePositionsToAdd: "",
  },
}

=== Example 7: Player Ownership ===
Ownership: {
  player: {
    playerKey: "465.p.4961",
    playerId: 4961,
    name: {
      full: "Taylor Hall",
      first: "Taylor",
      last: "Hall",
      asciiFirst: "Taylor",
      asciiLast: "Hall",
    },
    url: "https://sports.yahoo.com/nhl/players/4961",
    editorialPlayerKey: "nhl.p.4961",
    editorialTeamKey: "nhl.t.7",
    editorialTeamFullName: "Carolina Hurricanes",
    editorialTeamAbbr: "CAR",
    editorialTeamUrl: "https://sports.yahoo.com/nhl/teams/carolina/",
    isKeeper: {
      status: "",
      cost: "",
    },
    uniformNumber: 71,
    displayPosition: "LW",
    headshot: {
      url: "https://s.yimg.com/iu/api/res/1.2/fq9O.hvJmv1vKeq3eTyvVg--~C/YXBwaWQ9eXNwb3J0cztjaD0yMzM2O2NyPTE7Y3c9MTc5MDtkeD04NTc7ZHk9MDtmaT11bGNyb3A7aD02MDtxPTEwMDt3PTQ
2/https://s.yimg.com/xe/i/us/sp/v/nhl_cutout/players_l/10072025/4961.png",                                                                                                    size: "small",
    },
    imageUrl: "https://s.yimg.com/iu/api/res/1.2/fq9O.hvJmv1vKeq3eTyvVg--~C/YXBwaWQ9eXNwb3J0cztjaD0yMzM2O2NyPTE7Y3c9MTc5MDtkeD04NTc7ZHk9MDtmaT11bGNyb3A7aD02MDtxPTEwMDt3
PTQ2/https://s.yimg.com/xe/i/us/sp/v/nhl_cutout/players_l/10072025/4961.png",                                                                                               isUndroppable: false,
    positionType: "P",
    eligiblePositions: {
      position: "LW",
    },
    eligiblePositionsToAdd: "",
    ownership: "",
  },
}

=== Example 8: Game Info ===
Game: {
  game: {
    gameKey: "465",
    gameId: 465,
    name: "Hockey",
    code: "nhl",
    type: "full",
    url: "https://hockey.fantasysports.yahoo.com/hockey",
    season: 2025,
    isRegistrationOver: true,
    isGameOver: false,
    isOffseason: false,
    statCategories: {
      stats: [
        [Object ...], [Object ...], [Object ...], [Object ...], [Object ...], [Object ...], [Object ...], [Object ...], [Object ...], [Object ...], [Object ...], [Objec
t ...], [Object ...], [Object ...], [Object ...], [Object ...], [Object ...], [Object ...], [Object ...], [Object ...], [Object ...], [Object ...], [Object ...], [Object ...], [Object ...], [Object ...], [Object ...], [Object ...], [Object ...], [Object ...], [Object ...], [Object ...], [Object ...], [Object ...], [Object ...]              ],
    },
    positionTypes: [
      [Object ...], [Object ...]
    ],
  },
}

=== Example 9: User Games ===
User games: {
  users: [
    {
      guid: "ZJE6QAFOUXVLFTLA5F2HL5MWUH",
      games: [
        [Object ...], [Object ...], [Object ...], [Object ...], [Object ...], [Object ...], [Object ...], [Object ...], [Object ...]
      ],
    }
  ],
}

=== Example 10: User Teams ===
User teams: {
  users: [
    {
      guid: "ZJE6QAFOUXVLFTLA5F2HL5MWUH",
      games: [
        [Object ...]
      ],
    }
  ],
}

=== Example 11: League Teams ===
League teams: {
  league: {
    leagueKey: "465.l.121384",
    leagueId: 121384,
    name: "KKUPFL - T4 Jinesjö",
    url: "https://hockey.fantasysports.yahoo.com/hockey/121384",
    logoUrl: "https://yahoofantasysports-res.cloudinary.com/image/upload/t_s192sq/fantasy-logos/a303b55c56917158a5a53985ddeb1816b3651764eb495a487d6078228dd3e4bd.png",
    draftStatus: "postdraft",
    numTeams: 14,
    editKey: "2026-03-11",
    weeklyDeadline: "intraday",
    rosterType: "date",
    leagueUpdateTimestamp: 1773216010,
    scoringType: "headpoint",
    leagueType: "private",
    renew: "",
    renewed: "",
    feloTier: "platinum",
    isHighscore: "",
    matchupWeek: 20,
    irisGroupChatId: "",
    allowAddToDlExtraPos: false,
    isProLeague: false,
    isCashLeague: false,
    currentWeek: 20,
    startWeek: 1,
    startDate: "2025-10-07",
    endWeek: 23,
    endDate: "2026-04-05",
    currentDate: "2026-03-11",
    isPlusLeague: false,
    gameCode: "nhl",
    season: 2025,
    teams: [
      [Object ...], [Object ...], [Object ...], [Object ...], [Object ...], [Object ...], [Object ...], [Object ...], [Object ...], [Object ...], [Object ...], [Object 
...], [Object ...], [Object ...]                                                                                                                                            ],
  },
}

=== Example 12: League Transactions ===
Transactions: {
  league: {
    leagueKey: "465.l.121384",
    leagueId: 121384,
    name: "KKUPFL - T4 Jinesjö",
    url: "https://hockey.fantasysports.yahoo.com/hockey/121384",
    logoUrl: "https://yahoofantasysports-res.cloudinary.com/image/upload/t_s192sq/fantasy-logos/a303b55c56917158a5a53985ddeb1816b3651764eb495a487d6078228dd3e4bd.png",
    draftStatus: "postdraft",
    numTeams: 14,
    editKey: "2026-03-11",
    weeklyDeadline: "intraday",
    rosterType: "date",
    leagueUpdateTimestamp: 1773216010,
    scoringType: "headpoint",
    leagueType: "private",
    renew: "",
    renewed: "",
    feloTier: "platinum",
    isHighscore: "",
    matchupWeek: 20,
    irisGroupChatId: "",
    allowAddToDlExtraPos: false,
    isProLeague: false,
    isCashLeague: false,
    currentWeek: 20,
    startWeek: 1,
    startDate: "2025-10-07",
    endWeek: 23,
    endDate: "2026-04-05",
    currentDate: "2026-03-11",
    isPlusLeague: false,
    gameCode: "nhl",
    season: 2025,
    transactions: [],
  },
}

=== Example 13: Scoreboard ===
Scoreboard: {
  league: {
    leagueKey: "465.l.121384",
    leagueId: 121384,
    name: "KKUPFL - T4 Jinesjö",
    url: "https://hockey.fantasysports.yahoo.com/hockey/121384",
    logoUrl: "https://yahoofantasysports-res.cloudinary.com/image/upload/t_s192sq/fantasy-logos/a303b55c56917158a5a53985ddeb1816b3651764eb495a487d6078228dd3e4bd.png",
    draftStatus: "postdraft",
    numTeams: 14,
    editKey: "2026-03-11",
    weeklyDeadline: "intraday",
    rosterType: "date",
    leagueUpdateTimestamp: 1773216010,
    scoringType: "headpoint",
    leagueType: "private",
    renew: "",
    renewed: "",
    feloTier: "platinum",
    isHighscore: "",
    matchupWeek: 20,
    irisGroupChatId: "",
    allowAddToDlExtraPos: false,
    isProLeague: false,
    isCashLeague: false,
    currentWeek: 20,
    startWeek: 1,
    startDate: "2025-10-07",
    endWeek: 23,
    endDate: "2026-04-05",
    currentDate: "2026-03-11",
    isPlusLeague: false,
    gameCode: "nhl",
    season: 2025,
    scoreboard: {
      week: 10,
      matchups: [
        [Object ...], [Object ...], [Object ...], [Object ...], [Object ...], [Object ...], [Object ...]
      ],
    },
  },
}

=== Example 14: Build Path Only ===
Built path: /league/465.l.121384/players;position=C;status=FA;count=25

=== Example 15: Multiple Player Keys ===
Specific players: {
  league: {
    leagueKey: "465.l.121384",
    leagueId: 121384,
    name: "KKUPFL - T4 Jinesjö",
    url: "https://hockey.fantasysports.yahoo.com/hockey/121384",
    logoUrl: "https://yahoofantasysports-res.cloudinary.com/image/upload/t_s192sq/fantasy-logos/a303b55c56917158a5a53985ddeb1816b3651764eb495a487d6078228dd3e4bd.png",
    draftStatus: "postdraft",
    numTeams: 14,
    editKey: "2026-03-11",
    weeklyDeadline: "intraday",
    rosterType: "date",
    leagueUpdateTimestamp: 1773216010,
    scoringType: "headpoint",
    leagueType: "private",
    renew: "",
    renewed: "",
    feloTier: "platinum",
    isHighscore: "",
    matchupWeek: 20,
    irisGroupChatId: "",
    allowAddToDlExtraPos: false,
    isProLeague: false,
    isCashLeague: false,
    currentWeek: 20,
    startWeek: 1,
    startDate: "2025-10-07",
    endWeek: 23,
    endDate: "2026-04-05",
    currentDate: "2026-03-11",
    isPlusLeague: false,
    gameCode: "nhl",
    season: 2025,
    players: [
      [Object ...], [Object ...], [Object ...]
    ],
  },
}

=== Example 16: Team Matchups ===
Matchups: {
  team: {
    teamKey: "465.l.121384.t.2",
    teamId: 2,
    name: "DEZZZ",
    url: "https://hockey.fantasysports.yahoo.com/hockey/121384/2",
    teamLogos: [
      [Object ...]
    ],
    waiverPriority: 10,
    faabBalance: 87,
    numberOfMoves: 53,
    numberOfTrades: 0,
    rosterAdds: {
      coverageType: "week",
      coverageValue: 20,
      value: 0,
    },
    leagueScoringType: "headpoint",
    hasDraftGrade: false,
    managers: [
      [Object ...], [Object ...]
    ],
    matchups: [
      [Object ...], [Object ...], [Object ...]
    ],
  },
}

=== Example 17: League Standings ===
Standings: {
  league: {
    leagueKey: "465.l.121384",
    leagueId: 121384,
    name: "KKUPFL - T4 Jinesjö",
    url: "https://hockey.fantasysports.yahoo.com/hockey/121384",
    logoUrl: "https://yahoofantasysports-res.cloudinary.com/image/upload/t_s192sq/fantasy-logos/a303b55c56917158a5a53985ddeb1816b3651764eb495a487d6078228dd3e4bd.png",
    draftStatus: "postdraft",
    numTeams: 14,
    editKey: "2026-03-11",
    weeklyDeadline: "intraday",
    rosterType: "date",
    leagueUpdateTimestamp: 1773216010,
    scoringType: "headpoint",
    leagueType: "private",
    renew: "",
    renewed: "",
    feloTier: "platinum",
    isHighscore: "",
    matchupWeek: 20,
    irisGroupChatId: "",
    allowAddToDlExtraPos: false,
    isProLeague: false,
    isCashLeague: false,
    currentWeek: 20,
    startWeek: 1,
    startDate: "2025-10-07",
    endWeek: 23,
    endDate: "2026-04-05",
    currentDate: "2026-03-11",
    isPlusLeague: false,
    gameCode: "nhl",
    season: 2025,
    standings: {
      teams: [
        [Object ...], [Object ...], [Object ...], [Object ...], [Object ...], [Object ...], [Object ...], [Object ...], [Object ...], [Object ...], [Object ...], [Objec
t ...], [Object ...], [Object ...]                                                                                                                                            ],
    },
  },
}

=== Example 18: Game Weeks ===
Game weeks: {
  game: {
    gameKey: "465",
    gameId: 465,
    name: "Hockey",
    code: "nhl",
    type: "full",
    url: "https://hockey.fantasysports.yahoo.com/hockey",
    season: 2025,
    isRegistrationOver: true,
    isGameOver: false,
    isOffseason: false,
    gameWeeks: [
      [Object ...], [Object ...], [Object ...], [Object ...], [Object ...], [Object ...], [Object ...], [Object ...], [Object ...], [Object ...], [Object ...], [Object 
...], [Object ...], [Object ...], [Object ...], [Object ...], [Object ...], [Object ...], [Object ...], [Object ...], [Object ...], [Object ...], [Object ...], [Object ...]                                                                                                                                                                        ],
  },
}

=== Example 19: Draft Analysis ===
Draft analysis: {
  player: {
    playerKey: "465.p.4961",
    playerId: 4961,
    name: {
      full: "Taylor Hall",
      first: "Taylor",
      last: "Hall",
      asciiFirst: "Taylor",
      asciiLast: "Hall",
    },
    url: "https://sports.yahoo.com/nhl/players/4961",
    editorialPlayerKey: "nhl.p.4961",
    editorialTeamKey: "nhl.t.7",
    editorialTeamFullName: "Carolina Hurricanes",
    editorialTeamAbbr: "CAR",
    editorialTeamUrl: "https://sports.yahoo.com/nhl/teams/carolina/",
    isKeeper: {
      status: "",
      cost: "",
    },
    uniformNumber: 71,
    displayPosition: "LW",
    headshot: {
      url: "https://s.yimg.com/iu/api/res/1.2/fq9O.hvJmv1vKeq3eTyvVg--~C/YXBwaWQ9eXNwb3J0cztjaD0yMzM2O2NyPTE7Y3c9MTc5MDtkeD04NTc7ZHk9MDtmaT11bGNyb3A7aD02MDtxPTEwMDt3PTQ
2/https://s.yimg.com/xe/i/us/sp/v/nhl_cutout/players_l/10072025/4961.png",                                                                                                    size: "small",
    },
    imageUrl: "https://s.yimg.com/iu/api/res/1.2/fq9O.hvJmv1vKeq3eTyvVg--~C/YXBwaWQ9eXNwb3J0cztjaD0yMzM2O2NyPTE7Y3c9MTc5MDtkeD04NTc7ZHk9MDtmaT11bGNyb3A7aD02MDtxPTEwMDt3
PTQ2/https://s.yimg.com/xe/i/us/sp/v/nhl_cutout/players_l/10072025/4961.png",                                                                                               isUndroppable: false,
    positionType: "P",
    eligiblePositions: {
      position: "LW",
    },
    eligiblePositionsToAdd: "",
    draftAnalysis: {
      averagePick: "-",
      averageRound: "-",
      averageCost: "-",
      percentDrafted: "-",
      preseasonAveragePick: "-",
      preseasonAverageRound: "-",
      preseasonAverageCost: "-",
      preseasonPercentDrafted: "-",
    },
  },
}

=== Example 20: Percent Owned ===
Percent owned: {
  player: {
    playerKey: "465.p.4961",
    playerId: 4961,
    name: {
      full: "Taylor Hall",
      first: "Taylor",
      last: "Hall",
      asciiFirst: "Taylor",
      asciiLast: "Hall",
    },
    url: "https://sports.yahoo.com/nhl/players/4961",
    editorialPlayerKey: "nhl.p.4961",
    editorialTeamKey: "nhl.t.7",
    editorialTeamFullName: "Carolina Hurricanes",
    editorialTeamAbbr: "CAR",
    editorialTeamUrl: "https://sports.yahoo.com/nhl/teams/carolina/",
    isKeeper: {
      status: "",
      cost: "",
    },
    uniformNumber: 71,
    displayPosition: "LW",
    headshot: {
      url: "https://s.yimg.com/iu/api/res/1.2/fq9O.hvJmv1vKeq3eTyvVg--~C/YXBwaWQ9eXNwb3J0cztjaD0yMzM2O2NyPTE7Y3c9MTc5MDtkeD04NTc7ZHk9MDtmaT11bGNyb3A7aD02MDtxPTEwMDt3PTQ
2/https://s.yimg.com/xe/i/us/sp/v/nhl_cutout/players_l/10072025/4961.png",                                                                                                    size: "small",
    },
    imageUrl: "https://s.yimg.com/iu/api/res/1.2/fq9O.hvJmv1vKeq3eTyvVg--~C/YXBwaWQ9eXNwb3J0cztjaD0yMzM2O2NyPTE7Y3c9MTc5MDtkeD04NTc7ZHk9MDtmaT11bGNyb3A7aD02MDtxPTEwMDt3
PTQ2/https://s.yimg.com/xe/i/us/sp/v/nhl_cutout/players_l/10072025/4961.png",                                                                                               isUndroppable: false,
    positionType: "P",
    eligiblePositions: {
      position: "LW",
    },
    eligiblePositionsToAdd: "",
    percentOwned: {
      coverageType: "week",
      week: 20,
      value: 6,
      delta: -3,
    },
  },
}
